# JRE version: OpenJDK Runtime Environment (15.0.1+9) (build 15.0.1+9-18)
# Java VM: OpenJDK 64-Bit Server VM (15.0.1+9-18, mixed mode, sharing, tiered, compressed oops, g1 gc, windows-amd64)
GC Precious Log:
 CPUs: 4 total, 4 available
 Memory: 3512M
 Large Page Support: Disabled
 NUMA Support: Disabled
 Compressed Oops: Enabled (32-bit)
 Heap Region Size: 1M
 Heap Min Capacity: 256M
 Heap Initial Capacity: 256M
 Heap Max Capacity: 512M
 Pre-touch: Disabled
 Parallel Workers: 4
 Concurrent Workers: 1
 Concurrent Refinement Workers: 4
 Periodic GC: Disabled
Heap:
 garbage-first heap   total 262144K, used 102187K [0x00000000e0000000, 0x0000000100000000)
  region size 1024K, 74 young (75776K), 17 survivors (17408K)
 Metaspace       used 61139K, capacity 62334K, committed 62416K, reserved 309248K
  class space    used 7919K, capacity 8299K, committed 8320K, reserved 253952K
GC Heap History (14 events):
Event: 0.657 GC heap before
{Heap before GC invocations=0 (full 0):
 garbage-first heap   total 262144K, used 18432K [0x00000000e0000000, 0x0000000100000000)
  region size 1024K, 13 young (13312K), 0 survivors (0K)
 Metaspace       used 1687K, capacity 5209K, committed 5376K, reserved 262144K
  class space    used 169K, capacity 499K, committed 512K, reserved 253952K
}
Event: 0.662 GC heap after
{Heap after GC invocations=1 (full 0):
 garbage-first heap   total 262144K, used 8112K [0x00000000e0000000, 0x0000000100000000)
  region size 1024K, 2 young (2048K), 2 survivors (2048K)
 Metaspace       used 1687K, capacity 5209K, committed 5376K, reserved 262144K
  class space    used 169K, capacity 499K, committed 512K, reserved 253952K
}
Event: 1.110 GC heap before
{Heap before GC invocations=1 (full 0):
 garbage-first heap   total 262144K, used 19376K [0x00000000e0000000, 0x0000000100000000)
  region size 1024K, 13 young (13312K), 2 survivors (2048K)
 Metaspace       used 3945K, capacity 6543K, committed 6656K, reserved 262144K
  class space    used 488K, capacity 729K, committed 768K, reserved 253952K
}
Event: 1.113 GC heap after
{Heap after GC invocations=2 (full 0):
 garbage-first heap   total 262144K, used 8951K [0x00000000e0000000, 0x0000000100000000)
  region size 1024K, 1 young (1024K), 1 survivors (1024K)
 Metaspace       used 3945K, capacity 6543K, committed 6656K, reserved 262144K
  class space    used 488K, capacity 729K, committed 768K, reserved 253952K
}
Event: 1.489 GC heap before
{Heap before GC invocations=2 (full 0):
 garbage-first heap   total 262144K, used 31479K [0x00000000e0000000, 0x0000000100000000)
  region size 1024K, 24 young (24576K), 1 survivors (1024K)
 Metaspace       used 4085K, capacity 6607K, committed 6656K, reserved 262144K
  class space    used 492K, capacity 729K, committed 768K, reserved 253952K
}
Event: 1.494 GC heap after
{Heap after GC invocations=3 (full 0):
 garbage-first heap   total 262144K, used 11995K [0x00000000e0000000, 0x0000000100000000)
  region size 1024K, 3 young (3072K), 3 survivors (3072K)
 Metaspace       used 4085K, capacity 6607K, committed 6656K, reserved 262144K
  class space    used 492K, capacity 729K, committed 768K, reserved 253952K
}
Event: 4.862 GC heap before
{Heap before GC invocations=3 (full 0):
 garbage-first heap   total 262144K, used 103131K [0x00000000e0000000, 0x0000000100000000)
  region size 1024K, 93 young (95232K), 3 survivors (3072K)
 Metaspace       used 20656K, capacity 21155K, committed 21296K, reserved 272384K
  class space    used 2974K, capacity 3109K, committed 3200K, reserved 253952K
}
Event: 4.969 GC heap after
{Heap after GC invocations=4 (full 0):
 garbage-first heap   total 262144K, used 19179K [0x00000000e0000000, 0x0000000100000000)
  region size 1024K, 11 young (11264K), 11 survivors (11264K)
 Metaspace       used 20656K, capacity 21155K, committed 21296K, reserved 272384K
  class space    used 2974K, capacity 3109K, committed 3200K, reserved 253952K
}
Event: 7.406 GC heap before
{Heap before GC invocations=5 (full 0):
 garbage-first heap   total 262144K, used 98027K [0x00000000e0000000, 0x0000000100000000)
  region size 1024K, 86 young (88064K), 11 survivors (11264K)
 Metaspace       used 35265K, capacity 35803K, committed 35888K, reserved 286720K
  class space    used 4747K, capacity 4945K, committed 4992K, reserved 253952K
}
Event: 7.427 GC heap after
{Heap after GC invocations=6 (full 0):
 garbage-first heap   total 262144K, used 25509K [0x00000000e0000000, 0x0000000100000000)
  region size 1024K, 7 young (7168K), 7 survivors (7168K)
 Metaspace       used 35265K, capacity 35803K, committed 35888K, reserved 286720K
  class space    used 4747K, capacity 4945K, committed 4992K, reserved 253952K
}
Event: 9.897 GC heap before
{Heap before GC invocations=7 (full 0):
 garbage-first heap   total 262144K, used 128933K [0x00000000e0000000, 0x0000000100000000)
  region size 1024K, 105 young (107520K), 7 survivors (7168K)
 Metaspace       used 47183K, capacity 48042K, committed 48304K, reserved 296960K
  class space    used 6285K, capacity 6578K, committed 6656K, reserved 253952K
}
Event: 9.934 GC heap after
{Heap after GC invocations=8 (full 0):
 garbage-first heap   total 262144K, used 36148K [0x00000000e0000000, 0x0000000100000000)
  region size 1024K, 14 young (14336K), 14 survivors (14336K)
 Metaspace       used 47183K, capacity 48042K, committed 48304K, reserved 296960K
  class space    used 6285K, capacity 6578K, committed 6656K, reserved 253952K
}
Event: 33.686 GC heap before
{Heap before GC invocations=8 (full 0):
 garbage-first heap   total 262144K, used 158004K [0x00000000e0000000, 0x0000000100000000)
  region size 1024K, 134 young (137216K), 14 survivors (14336K)
 Metaspace       used 59019K, capacity 60122K, committed 60240K, reserved 307200K
  class space    used 7785K, capacity 8128K, committed 8192K, reserved 253952K
}
Event: 33.816 GC heap after
{Heap after GC invocations=9 (full 0):
 garbage-first heap   total 262144K, used 44843K [0x00000000e0000000, 0x0000000100000000)
  region size 1024K, 17 young (17408K), 17 survivors (17408K)
 Metaspace       used 59019K, capacity 60122K, committed 60240K, reserved 307200K
  class space    used 7785K, capacity 8128K, committed 8192K, reserved 253952K
}

